<?xml version="1.0" encoding="UTF-8"?>
<!-- Generated by org.testng.reporters.JUnitReportReporter -->
<testsuite hostname="hydnb459" failures="0" tests="3" name="files.DynamicJsonParametarization" time="2.993" errors="0" timestamp="2026-01-13T17:17:58 IST" skipped="0">
  <testcase classname="files.DynamicJsonParametarization" name="addBook" time="2.569"/>
  <testcase classname="files.DynamicJsonParametarization" name="addBook" time="0.219"/>
  <testcase classname="files.DynamicJsonParametarization" name="addBook" time="0.205"/>
</testsuite> <!-- files.DynamicJsonParametarization -->
